<?xml version="1.0" encoding="UTF-8"?>
<!-- Generated by org.testng.reporters.JUnitReportReporter -->
<testsuite skipped="0" hostname="DESKTOP-3A4C4UN" name="login.LoginNormalTest" tests="3" failures="0" timestamp="2020-06-27T10:54:38 CEST" time="0.014" errors="0">
  <testcase name="getUrl" time="0.002" classname="login.LoginNormalTest"/>
  <system-out/>
  <testcase name="clickButton" time="0.007" classname="login.LoginNormalTest"/>
  <system-out/>
  <testcase name="logIn" time="0.005" classname="login.LoginNormalTest"/>
  <system-out/>
</testsuite> <!-- login.LoginNormalTest -->
