<?xml version="1.0" encoding="UTF-8"?>
<!-- Generated by org.testng.reporters.JUnitReportReporter -->
<testsuite skipped="0" hostname="DESKTOP-3A4C4UN" name="login.AdminLogTest" tests="2" failures="0" timestamp="2020-06-27T10:54:38 CEST" time="0.006" errors="0">
  <testcase name="logAdmin" time="0.002" classname="login.AdminLogTest"/>
  <system-out/>
  <testcase name="logOutAdmin" time="0.004" classname="login.AdminLogTest"/>
  <system-out/>
</testsuite> <!-- login.AdminLogTest -->
