<?xml version="1.0" encoding="UTF-8"?>
<!-- Generated by org.testng.reporters.JUnitReportReporter -->
<testsuite skipped="0" hostname="DESKTOP-3A4C4UN" name="getdata.getDataTest" tests="1" failures="0" timestamp="2020-06-27T10:55:08 CEST" time="0.009" errors="0">
  <testcase name="printValue" time="0.009" classname="getdata.getDataTest"/>
  <system-out/>
</testsuite> <!-- getdata.getDataTest -->
