<?xml version="1.0" encoding="UTF-8"?>
<!-- Generated by org.testng.reporters.JUnitReportReporter -->
<testsuite skipped="0" hostname="DESKTOP-3A4C4UN" name="getdata.getConfigData" tests="1" failures="0" timestamp="2020-06-27T11:20:53 CEST" time="0.011" errors="0">
  <testcase name="printValues" time="0.011" classname="getdata.getConfigData"/>
  <system-out/>
</testsuite> <!-- getdata.getConfigData -->
